Wed 04 Mar 2026 23:19:12 INFO  ['train.py']
Wed 04 Mar 2026 23:19:12 INFO  
General Hyper Parameters:
gpu_id = 0
use_gpu = True
seed = 2020
state = INFO
reproducibility = True
data_path = ../dataset/yelp_tourism\merged
checkpoint_dir = saved
show_progress = True
save_dataset = False
dataset_save_path = None
save_dataloaders = False
dataloaders_save_path = None
log_wandb = False

Training Hyper Parameters:
epochs = 20
train_batch_size = 1024
learner = adam
learning_rate = 0.001
train_neg_sample_args = {'distribution': 'uniform', 'sample_num': 1, 'alpha': 1.0, 'dynamic': False, 'candidate_num': 0}
eval_step = 1
stopping_step = 5
clip_grad_norm = None
weight_decay = 0.0
loss_decimal_place = 4

Evaluation Hyper Parameters:
eval_args = {'split': {'TS': [0.8, 0.1, 0.1]}, 'order': 'TO', 'group_by': 'user', 'mode': {'valid': 'full', 'test': 'full'}}
repeatable = False
metrics = ['Recall', 'NDCG']
topk = [10, 20]
valid_metric = Recall@20
valid_metric_bigger = True
eval_batch_size = 2048
metric_decimal_place = 4

Dataset Hyper Parameters:
field_separator = 	
seq_separator =  
USER_ID_FIELD = user_id
ITEM_ID_FIELD = item_id
RATING_FIELD = rating
TIME_FIELD = timestamp
seq_len = None
LABEL_FIELD = label
threshold = None
NEG_PREFIX = neg_
load_col = {'inter': ['user_id', 'item_id', 'timestamp']}
unload_col = None
unused_col = None
additional_feat_suffix = None
rm_dup_inter = None
val_interval = None
filter_inter_by_user_or_item = True
user_inter_num_interval = [0,inf)
item_inter_num_interval = [0,inf)
alias_of_user_id = None
alias_of_item_id = None
alias_of_entity_id = None
alias_of_relation_id = None
preload_weight = None
normalize_field = None
normalize_all = None
ITEM_LIST_LENGTH_FIELD = item_length
LIST_SUFFIX = _list
MAX_ITEM_LIST_LENGTH = 50
POSITION_FIELD = position_id
HEAD_ENTITY_ID_FIELD = head_id
TAIL_ENTITY_ID_FIELD = tail_id
RELATION_ID_FIELD = relation_id
ENTITY_ID_FIELD = entity_id
benchmark_filename = None

Other Hyper Parameters: 
worker = 0
wandb_project = recbole
shuffle = True
require_pow = False
enable_amp = False
enable_scaler = False
transform = None
embedding_size = 128
n_layers = 3
reg_weight = 1e-05
numerical_features = []
discretization = None
kg_reverse_r = False
entity_kg_num_interval = [0,inf)
relation_kg_num_interval = [0,inf)
MODEL_TYPE = ModelType.GENERAL
device = cpu
loss_type = BPR
save_model = True
output_dir = ./saved
MODEL_INPUT_TYPE = InputType.PAIRWISE
eval_type = EvaluatorType.RANKING
single_spec = True
local_rank = 0
valid_neg_sample_args = {'distribution': 'uniform', 'sample_num': 'none'}
test_neg_sample_args = {'distribution': 'uniform', 'sample_num': 'none'}


Wed 04 Mar 2026 23:19:12 INFO  merged
The number of users: 7398
Average actions of users: 9.423955657699068
The number of items: 121
Average actions of items: 580.9083333333333
The number of inters: 69709
The sparsity of the dataset: 92.21265966455083%
Remain Fields: ['user_id', 'item_id', 'timestamp']
Wed 04 Mar 2026 23:19:14 INFO  [Training]: train_batch_size = [1024] train_neg_sample_args: [{'distribution': 'uniform', 'sample_num': 1, 'alpha': 1.0, 'dynamic': False, 'candidate_num': 0}]
Wed 04 Mar 2026 23:19:14 INFO  [Evaluation]: eval_batch_size = [2048] eval_args: [{'split': {'TS': [0.8, 0.1, 0.1]}, 'order': 'TO', 'group_by': 'user', 'mode': {'valid': 'full', 'test': 'full'}}]
Wed 04 Mar 2026 23:19:14 INFO  LightGCN(
  (user_embedding): Embedding(7398, 128)
  (item_embedding): Embedding(121, 128)
  (mf_loss): BPRLoss()
  (reg_loss): EmbLoss()
)
Trainable parameters: 962432
Wed 04 Mar 2026 23:19:14 INFO  FLOPs: 0.0
Wed 04 Mar 2026 23:19:22 INFO  epoch 0 training [time: 7.22s, train loss: 35.9042]
Wed 04 Mar 2026 23:19:22 INFO  epoch 0 evaluating [time: 0.52s, valid_score: 0.358400]
Wed 04 Mar 2026 23:19:22 INFO  valid result: 
recall@10 : 0.2515    recall@20 : 0.3584    ndcg@10 : 0.1682    ndcg@20 : 0.1973
Wed 04 Mar 2026 23:19:22 INFO  Saving current: saved\LightGCN-Mar-04-2026_23-19-14.pth
Wed 04 Mar 2026 23:19:29 INFO  epoch 1 training [time: 7.17s, train loss: 35.4926]
Wed 04 Mar 2026 23:19:30 INFO  epoch 1 evaluating [time: 0.52s, valid_score: 0.360800]
Wed 04 Mar 2026 23:19:30 INFO  valid result: 
recall@10 : 0.2529    recall@20 : 0.3608    ndcg@10 : 0.1592    ndcg@20 : 0.1885
Wed 04 Mar 2026 23:19:30 INFO  Saving current: saved\LightGCN-Mar-04-2026_23-19-14.pth
Wed 04 Mar 2026 23:19:37 INFO  epoch 2 training [time: 7.41s, train loss: 34.5585]
Wed 04 Mar 2026 23:19:38 INFO  epoch 2 evaluating [time: 0.49s, valid_score: 0.357000]
Wed 04 Mar 2026 23:19:38 INFO  valid result: 
recall@10 : 0.2503    recall@20 : 0.357    ndcg@10 : 0.1509    ndcg@20 : 0.1798
Wed 04 Mar 2026 23:19:45 INFO  epoch 3 training [time: 7.15s, train loss: 32.9929]
Wed 04 Mar 2026 23:19:46 INFO  epoch 3 evaluating [time: 0.54s, valid_score: 0.356200]
Wed 04 Mar 2026 23:19:46 INFO  valid result: 
recall@10 : 0.2468    recall@20 : 0.3562    ndcg@10 : 0.1471    ndcg@20 : 0.1767
Wed 04 Mar 2026 23:19:53 INFO  epoch 4 training [time: 7.14s, train loss: 31.0427]
Wed 04 Mar 2026 23:19:53 INFO  epoch 4 evaluating [time: 0.50s, valid_score: 0.357900]
Wed 04 Mar 2026 23:19:53 INFO  valid result: 
recall@10 : 0.2476    recall@20 : 0.3579    ndcg@10 : 0.1472    ndcg@20 : 0.177
Wed 04 Mar 2026 23:20:00 INFO  epoch 5 training [time: 7.17s, train loss: 29.0640]
Wed 04 Mar 2026 23:20:01 INFO  epoch 5 evaluating [time: 0.52s, valid_score: 0.360000]
Wed 04 Mar 2026 23:20:01 INFO  valid result: 
recall@10 : 0.2501    recall@20 : 0.36    ndcg@10 : 0.1492    ndcg@20 : 0.1792
Wed 04 Mar 2026 23:20:08 INFO  epoch 6 training [time: 7.14s, train loss: 27.0956]
Wed 04 Mar 2026 23:20:09 INFO  epoch 6 evaluating [time: 0.51s, valid_score: 0.365500]
Wed 04 Mar 2026 23:20:09 INFO  valid result: 
recall@10 : 0.2526    recall@20 : 0.3655    ndcg@10 : 0.1518    ndcg@20 : 0.1826
Wed 04 Mar 2026 23:20:09 INFO  Saving current: saved\LightGCN-Mar-04-2026_23-19-14.pth
Wed 04 Mar 2026 23:20:16 INFO  epoch 7 training [time: 7.16s, train loss: 25.3513]
Wed 04 Mar 2026 23:20:16 INFO  epoch 7 evaluating [time: 0.50s, valid_score: 0.370300]
Wed 04 Mar 2026 23:20:16 INFO  valid result: 
recall@10 : 0.2565    recall@20 : 0.3703    ndcg@10 : 0.1554    ndcg@20 : 0.1863
Wed 04 Mar 2026 23:20:16 INFO  Saving current: saved\LightGCN-Mar-04-2026_23-19-14.pth
Wed 04 Mar 2026 23:20:24 INFO  epoch 8 training [time: 7.25s, train loss: 23.6808]
Wed 04 Mar 2026 23:20:24 INFO  epoch 8 evaluating [time: 0.50s, valid_score: 0.372500]
Wed 04 Mar 2026 23:20:24 INFO  valid result: 
recall@10 : 0.2603    recall@20 : 0.3725    ndcg@10 : 0.1588    ndcg@20 : 0.1894
Wed 04 Mar 2026 23:20:24 INFO  Saving current: saved\LightGCN-Mar-04-2026_23-19-14.pth
Wed 04 Mar 2026 23:20:31 INFO  epoch 9 training [time: 7.18s, train loss: 22.1907]
Wed 04 Mar 2026 23:20:32 INFO  epoch 9 evaluating [time: 0.54s, valid_score: 0.374800]
Wed 04 Mar 2026 23:20:32 INFO  valid result: 
recall@10 : 0.2638    recall@20 : 0.3748    ndcg@10 : 0.1621    ndcg@20 : 0.1924
Wed 04 Mar 2026 23:20:32 INFO  Saving current: saved\LightGCN-Mar-04-2026_23-19-14.pth
Wed 04 Mar 2026 23:20:39 INFO  epoch 10 training [time: 7.42s, train loss: 20.8583]
Wed 04 Mar 2026 23:20:40 INFO  epoch 10 evaluating [time: 0.55s, valid_score: 0.377600]
Wed 04 Mar 2026 23:20:40 INFO  valid result: 
recall@10 : 0.2658    recall@20 : 0.3776    ndcg@10 : 0.1652    ndcg@20 : 0.1958
Wed 04 Mar 2026 23:20:40 INFO  Saving current: saved\LightGCN-Mar-04-2026_23-19-14.pth
Wed 04 Mar 2026 23:20:47 INFO  epoch 11 training [time: 7.23s, train loss: 19.5069]
Wed 04 Mar 2026 23:20:48 INFO  epoch 11 evaluating [time: 0.52s, valid_score: 0.379800]
Wed 04 Mar 2026 23:20:48 INFO  valid result: 
recall@10 : 0.2691    recall@20 : 0.3798    ndcg@10 : 0.1685    ndcg@20 : 0.1989
Wed 04 Mar 2026 23:20:48 INFO  Saving current: saved\LightGCN-Mar-04-2026_23-19-14.pth
Wed 04 Mar 2026 23:20:55 INFO  epoch 12 training [time: 7.18s, train loss: 18.2909]
Wed 04 Mar 2026 23:20:55 INFO  epoch 12 evaluating [time: 0.51s, valid_score: 0.380000]
Wed 04 Mar 2026 23:20:55 INFO  valid result: 
recall@10 : 0.2715    recall@20 : 0.38    ndcg@10 : 0.1711    ndcg@20 : 0.2009
Wed 04 Mar 2026 23:20:55 INFO  Saving current: saved\LightGCN-Mar-04-2026_23-19-14.pth
Wed 04 Mar 2026 23:21:02 INFO  epoch 13 training [time: 7.20s, train loss: 17.2917]
Wed 04 Mar 2026 23:21:03 INFO  epoch 13 evaluating [time: 0.51s, valid_score: 0.382100]
Wed 04 Mar 2026 23:21:03 INFO  valid result: 
recall@10 : 0.273    recall@20 : 0.3821    ndcg@10 : 0.1738    ndcg@20 : 0.2038
Wed 04 Mar 2026 23:21:03 INFO  Saving current: saved\LightGCN-Mar-04-2026_23-19-14.pth
Wed 04 Mar 2026 23:21:10 INFO  epoch 14 training [time: 7.17s, train loss: 16.3443]
Wed 04 Mar 2026 23:21:11 INFO  epoch 14 evaluating [time: 0.52s, valid_score: 0.383000]
Wed 04 Mar 2026 23:21:11 INFO  valid result: 
recall@10 : 0.2753    recall@20 : 0.383    ndcg@10 : 0.1766    ndcg@20 : 0.2062
Wed 04 Mar 2026 23:21:11 INFO  Saving current: saved\LightGCN-Mar-04-2026_23-19-14.pth
Wed 04 Mar 2026 23:21:18 INFO  epoch 15 training [time: 7.23s, train loss: 15.4449]
Wed 04 Mar 2026 23:21:18 INFO  epoch 15 evaluating [time: 0.54s, valid_score: 0.384500]
Wed 04 Mar 2026 23:21:19 INFO  valid result: 
recall@10 : 0.2773    recall@20 : 0.3845    ndcg@10 : 0.1796    ndcg@20 : 0.209
Wed 04 Mar 2026 23:21:19 INFO  Saving current: saved\LightGCN-Mar-04-2026_23-19-14.pth
Wed 04 Mar 2026 23:21:26 INFO  epoch 16 training [time: 7.23s, train loss: 14.5648]
Wed 04 Mar 2026 23:21:26 INFO  epoch 16 evaluating [time: 0.52s, valid_score: 0.384800]
Wed 04 Mar 2026 23:21:26 INFO  valid result: 
recall@10 : 0.2791    recall@20 : 0.3848    ndcg@10 : 0.1823    ndcg@20 : 0.2112
Wed 04 Mar 2026 23:21:26 INFO  Saving current: saved\LightGCN-Mar-04-2026_23-19-14.pth
Wed 04 Mar 2026 23:21:34 INFO  epoch 17 training [time: 7.27s, train loss: 13.7964]
Wed 04 Mar 2026 23:21:34 INFO  epoch 17 evaluating [time: 0.51s, valid_score: 0.385000]
Wed 04 Mar 2026 23:21:34 INFO  valid result: 
recall@10 : 0.2797    recall@20 : 0.385    ndcg@10 : 0.184    ndcg@20 : 0.2129
Wed 04 Mar 2026 23:21:34 INFO  Saving current: saved\LightGCN-Mar-04-2026_23-19-14.pth
Wed 04 Mar 2026 23:21:41 INFO  epoch 18 training [time: 7.18s, train loss: 13.1671]
Wed 04 Mar 2026 23:21:42 INFO  epoch 18 evaluating [time: 0.50s, valid_score: 0.385300]
Wed 04 Mar 2026 23:21:42 INFO  valid result: 
recall@10 : 0.2827    recall@20 : 0.3853    ndcg@10 : 0.1872    ndcg@20 : 0.2154
Wed 04 Mar 2026 23:21:42 INFO  Saving current: saved\LightGCN-Mar-04-2026_23-19-14.pth
Wed 04 Mar 2026 23:21:49 INFO  epoch 19 training [time: 7.37s, train loss: 12.4998]
Wed 04 Mar 2026 23:21:50 INFO  epoch 19 evaluating [time: 0.54s, valid_score: 0.385700]
Wed 04 Mar 2026 23:21:50 INFO  valid result: 
recall@10 : 0.2853    recall@20 : 0.3857    ndcg@10 : 0.1896    ndcg@20 : 0.2172
Wed 04 Mar 2026 23:21:50 INFO  Saving current: saved\LightGCN-Mar-04-2026_23-19-14.pth
Wed 04 Mar 2026 23:21:50 INFO  Loading model structure and parameters from saved\LightGCN-Mar-04-2026_23-19-14.pth
Wed 04 Mar 2026 23:21:51 INFO  The running environment of this training is as follows:
+-------------+----------------+
| Environment |     Usage      |
+=============+================+
| CPU         |    12.70 %     |
+-------------+----------------+
| GPU         |   0.0 / 0.0    |
+-------------+----------------+
| Memory      | 0.33 G/15.86 G |
+-------------+----------------+
Wed 04 Mar 2026 23:21:51 INFO  best valid : OrderedDict([('recall@10', 0.2853), ('recall@20', 0.3857), ('ndcg@10', 0.1896), ('ndcg@20', 0.2172)])
Wed 04 Mar 2026 23:21:51 INFO  test result: OrderedDict([('recall@10', 0.2365), ('recall@20', 0.3336), ('ndcg@10', 0.1809), ('ndcg@20', 0.2119)])
