Sat 07 Mar 2026 15:52:05 INFO  ['train.py']
Sat 07 Mar 2026 15:52:05 INFO  
General Hyper Parameters:
gpu_id = 0
use_gpu = True
seed = 2020
state = INFO
reproducibility = True
data_path = ../dataset\yelp_tourism
checkpoint_dir = saved
show_progress = True
save_dataset = False
dataset_save_path = None
save_dataloaders = False
dataloaders_save_path = None
log_wandb = False

Training Hyper Parameters:
epochs = 20
train_batch_size = 1024
learner = adam
learning_rate = 0.001
train_neg_sample_args = {'distribution': 'uniform', 'sample_num': 1, 'alpha': 1.0, 'dynamic': False, 'candidate_num': 0}
eval_step = 1
stopping_step = 5
clip_grad_norm = None
weight_decay = 0.0
loss_decimal_place = 4

Evaluation Hyper Parameters:
eval_args = {'split': {'TS': [0.8, 0.1, 0.1]}, 'order': 'TO', 'group_by': 'user', 'mode': {'valid': 'full', 'test': 'full'}}
repeatable = False
metrics = ['Recall', 'NDCG']
topk = [10, 20]
valid_metric = Recall@20
valid_metric_bigger = True
eval_batch_size = 2048
metric_decimal_place = 4

Dataset Hyper Parameters:
field_separator = 	
seq_separator =  
USER_ID_FIELD = user_id
ITEM_ID_FIELD = item_id
RATING_FIELD = rating
TIME_FIELD = timestamp
seq_len = None
LABEL_FIELD = label
threshold = None
NEG_PREFIX = neg_
load_col = {'inter': ['user_id', 'item_id', 'timestamp']}
unload_col = None
unused_col = None
additional_feat_suffix = None
rm_dup_inter = None
val_interval = None
filter_inter_by_user_or_item = True
user_inter_num_interval = [0,inf)
item_inter_num_interval = [0,inf)
alias_of_user_id = None
alias_of_item_id = None
alias_of_entity_id = None
alias_of_relation_id = None
preload_weight = None
normalize_field = None
normalize_all = None
ITEM_LIST_LENGTH_FIELD = item_length
LIST_SUFFIX = _list
MAX_ITEM_LIST_LENGTH = 50
POSITION_FIELD = position_id
HEAD_ENTITY_ID_FIELD = head_id
TAIL_ENTITY_ID_FIELD = tail_id
RELATION_ID_FIELD = relation_id
ENTITY_ID_FIELD = entity_id
benchmark_filename = None

Other Hyper Parameters: 
worker = 0
wandb_project = recbole
shuffle = True
require_pow = False
enable_amp = False
enable_scaler = False
transform = None
embedding_size = 64
n_layers = 3
reg_weight = 0.0001
numerical_features = []
discretization = None
kg_reverse_r = False
entity_kg_num_interval = [0,inf)
relation_kg_num_interval = [0,inf)
MODEL_TYPE = ModelType.GENERAL
device = cpu
loss_type = BPR
save_model = True
output_dir = ./saved
MODEL_INPUT_TYPE = InputType.PAIRWISE
eval_type = EvaluatorType.RANKING
single_spec = True
local_rank = 0
valid_neg_sample_args = {'distribution': 'uniform', 'sample_num': 'none'}
test_neg_sample_args = {'distribution': 'uniform', 'sample_num': 'none'}


Sat 07 Mar 2026 15:52:05 INFO  yelp_tourism
The number of users: 4386
Average actions of users: 6.0572405929304445
The number of items: 405
Average actions of items: 65.7450495049505
The number of inters: 26561
The sparsity of the dataset: 98.5047260362658%
Remain Fields: ['user_id', 'item_id', 'timestamp']
Sat 07 Mar 2026 15:52:07 INFO  [Training]: train_batch_size = [1024] train_neg_sample_args: [{'distribution': 'uniform', 'sample_num': 1, 'alpha': 1.0, 'dynamic': False, 'candidate_num': 0}]
Sat 07 Mar 2026 15:52:07 INFO  [Evaluation]: eval_batch_size = [2048] eval_args: [{'split': {'TS': [0.8, 0.1, 0.1]}, 'order': 'TO', 'group_by': 'user', 'mode': {'valid': 'full', 'test': 'full'}}]
Sat 07 Mar 2026 15:52:07 INFO  LightGCN(
  (user_embedding): Embedding(4386, 64)
  (item_embedding): Embedding(405, 64)
  (mf_loss): BPRLoss()
  (reg_loss): EmbLoss()
)
Trainable parameters: 306624
Sat 07 Mar 2026 15:52:07 INFO  FLOPs: 0.0
Sat 07 Mar 2026 15:52:07 INFO  epoch 0 training [time: 0.75s, train loss: 13.1203]
Sat 07 Mar 2026 15:52:08 INFO  epoch 0 evaluating [time: 0.50s, valid_score: 0.496000]
Sat 07 Mar 2026 15:52:08 INFO  valid result: 
recall@10 : 0.3745    recall@20 : 0.496    ndcg@10 : 0.2233    ndcg@20 : 0.2548
Sat 07 Mar 2026 15:52:08 INFO  Saving current: saved\LightGCN-Mar-07-2026_15-52-07.pth
Sat 07 Mar 2026 15:52:09 INFO  epoch 1 training [time: 0.77s, train loss: 12.9462]
Sat 07 Mar 2026 15:52:09 INFO  epoch 1 evaluating [time: 0.51s, valid_score: 0.519400]
Sat 07 Mar 2026 15:52:09 INFO  valid result: 
recall@10 : 0.3809    recall@20 : 0.5194    ndcg@10 : 0.2199    ndcg@20 : 0.2556
Sat 07 Mar 2026 15:52:09 INFO  Saving current: saved\LightGCN-Mar-07-2026_15-52-07.pth
Sat 07 Mar 2026 15:52:10 INFO  epoch 2 training [time: 0.74s, train loss: 12.4785]
Sat 07 Mar 2026 15:52:11 INFO  epoch 2 evaluating [time: 0.53s, valid_score: 0.508500]
Sat 07 Mar 2026 15:52:11 INFO  valid result: 
recall@10 : 0.3696    recall@20 : 0.5085    ndcg@10 : 0.2129    ndcg@20 : 0.2488
Sat 07 Mar 2026 15:52:11 INFO  epoch 3 training [time: 0.75s, train loss: 11.6278]
Sat 07 Mar 2026 15:52:12 INFO  epoch 3 evaluating [time: 0.53s, valid_score: 0.507200]
Sat 07 Mar 2026 15:52:12 INFO  valid result: 
recall@10 : 0.3661    recall@20 : 0.5072    ndcg@10 : 0.2099    ndcg@20 : 0.2463
Sat 07 Mar 2026 15:52:13 INFO  epoch 4 training [time: 0.74s, train loss: 10.4407]
Sat 07 Mar 2026 15:52:13 INFO  epoch 4 evaluating [time: 0.53s, valid_score: 0.504500]
Sat 07 Mar 2026 15:52:13 INFO  valid result: 
recall@10 : 0.3628    recall@20 : 0.5045    ndcg@10 : 0.2083    ndcg@20 : 0.245
Sat 07 Mar 2026 15:52:14 INFO  epoch 5 training [time: 0.74s, train loss: 9.1311]
Sat 07 Mar 2026 15:52:14 INFO  epoch 5 evaluating [time: 0.52s, valid_score: 0.504300]
Sat 07 Mar 2026 15:52:14 INFO  valid result: 
recall@10 : 0.3617    recall@20 : 0.5043    ndcg@10 : 0.2072    ndcg@20 : 0.2441
Sat 07 Mar 2026 15:52:15 INFO  epoch 6 training [time: 0.75s, train loss: 7.9025]
Sat 07 Mar 2026 15:52:16 INFO  epoch 6 evaluating [time: 0.52s, valid_score: 0.504600]
Sat 07 Mar 2026 15:52:16 INFO  valid result: 
recall@10 : 0.3621    recall@20 : 0.5046    ndcg@10 : 0.207    ndcg@20 : 0.2438
Sat 07 Mar 2026 15:52:16 INFO  epoch 7 training [time: 0.75s, train loss: 6.8937]
Sat 07 Mar 2026 15:52:17 INFO  epoch 7 evaluating [time: 0.55s, valid_score: 0.505800]
Sat 07 Mar 2026 15:52:17 INFO  valid result: 
recall@10 : 0.3633    recall@20 : 0.5058    ndcg@10 : 0.2076    ndcg@20 : 0.2443
Sat 07 Mar 2026 15:52:17 INFO  Finished training, best eval result in epoch 1
Sat 07 Mar 2026 15:52:17 INFO  Loading model structure and parameters from saved\LightGCN-Mar-07-2026_15-52-07.pth
Sat 07 Mar 2026 15:52:18 INFO  The running environment of this training is as follows:
+-------------+----------------+
| Environment |     Usage      |
+=============+================+
| CPU         |    14.70 %     |
+-------------+----------------+
| GPU         |   0.0 / 0.0    |
+-------------+----------------+
| Memory      | 0.30 G/15.86 G |
+-------------+----------------+
Sat 07 Mar 2026 15:52:18 INFO  best valid : OrderedDict([('recall@10', 0.3809), ('recall@20', 0.5194), ('ndcg@10', 0.2199), ('ndcg@20', 0.2556)])
Sat 07 Mar 2026 15:52:18 INFO  test result: OrderedDict([('recall@10', 0.2544), ('recall@20', 0.3712), ('ndcg@10', 0.1662), ('ndcg@20', 0.2005)])
